source20170821/source/phonegap/platforms/android/manifest-merger-release-report.txt
-- Merging decision tree log ---
manifest
ADDED from AndroidManifest.xml:2:1
	android:hardwareAccelerated
		ADDED from AndroidManifest.xml:2:11
	xmlns:android
		ADDED from AndroidManifest.xml:2:133
	package
		ADDED from AndroidManifest.xml:2:102
	android:versionName
		ADDED from AndroidManifest.xml:2:74
	android:versionCode
		ADDED from AndroidManifest.xml:2:46
		INJECTED from AndroidManifest.xml:0:0
		INJECTED from AndroidManifest.xml:0:0
supports-screens
ADDED from AndroidManifest.xml:3:5
	android:resizeable
		ADDED from AndroidManifest.xml:3:106
	android:largeScreens
		ADDED from AndroidManifest.xml:3:49
	android:anyDensity
		ADDED from AndroidManifest.xml:3:23
	android:normalScreens
		ADDED from AndroidManifest.xml:3:77
	android:xlargeScreens
		ADDED from AndroidManifest.xml:3:160
	android:smallScreens
		ADDED from AndroidManifest.xml:3:132
uses-permission#android.permission.INTERNET
ADDED from AndroidManifest.xml:4:5
	android:name
		ADDED from AndroidManifest.xml:4:22
uses-permission#android.permission.ACCESS_NETWORK_STATE
ADDED from AndroidManifest.xml:5:5
	android:name
		ADDED from AndroidManifest.xml:5:22
uses-permission#android.permission.ACCESS_WIFI_STATE
ADDED from AndroidManifest.xml:6:5
	android:name
		ADDED from AndroidManifest.xml:6:22
application
ADDED from AndroidManifest.xml:7:5
	android:supportsRtl
		ADDED from AndroidManifest.xml:7:116
	android:label
		ADDED from AndroidManifest.xml:7:83
	android:icon
		ADDED from AndroidManifest.xml:7:53
	android:hardwareAccelerated
		ADDED from AndroidManifest.xml:7:18
activity#com.reflux.HandCrowd.MainActivity
ADDED from AndroidManifest.xml:8:9
	android:windowSoftInputMode
		ADDED from AndroidManifest.xml:8:248
	android:label
		ADDED from AndroidManifest.xml:8:97
	android:configChanges
		ADDED from AndroidManifest.xml:8:19
	android:theme
		ADDED from AndroidManifest.xml:8:194
	android:name
		ADDED from AndroidManifest.xml:8:166
	android:launchMode
		ADDED from AndroidManifest.xml:8:135
intent-filter#android.intent.action.MAIN+android.intent.category.LAUNCHER
ADDED from AndroidManifest.xml:9:13
	android:label
		ADDED from AndroidManifest.xml:9:28
action#android.intent.action.MAIN
ADDED from AndroidManifest.xml:10:17
	android:name
		ADDED from AndroidManifest.xml:10:25
category#android.intent.category.LAUNCHER
ADDED from AndroidManifest.xml:11:17
	android:name
		ADDED from AndroidManifest.xml:11:27
intent-filter#android.intent.action.VIEW+android.intent.category.BROWSABLE+android.intent.category.DEFAULT
ADDED from AndroidManifest.xml:13:13
data
ADDED from AndroidManifest.xml:14:17
	android:scheme
		ADDED from AndroidManifest.xml:14:23
action#android.intent.action.VIEW
ADDED from AndroidManifest.xml:15:17
	android:name
		ADDED from AndroidManifest.xml:15:25
category#android.intent.category.DEFAULT
ADDED from AndroidManifest.xml:16:17
	android:name
		ADDED from AndroidManifest.xml:16:27
category#android.intent.category.BROWSABLE
ADDED from AndroidManifest.xml:17:17
	android:name
		ADDED from AndroidManifest.xml:17:27
activity#com.plugin.gcm.PushHandlerActivity
ADDED from AndroidManifest.xml:20:9
	android:exported
		ADDED from AndroidManifest.xml:20:19
	android:name
		ADDED from AndroidManifest.xml:20:43
receiver#com.plugin.gcm.CordovaGCMBroadcastReceiver
ADDED from AndroidManifest.xml:21:9
	android:permission
		ADDED from AndroidManifest.xml:21:77
	android:name
		ADDED from AndroidManifest.xml:21:19
intent-filter#com.google.android.c2dm.intent.RECEIVE+com.google.android.c2dm.intent.REGISTRATION+com.reflux.HandCrowd
ADDED from AndroidManifest.xml:22:13
action#com.google.android.c2dm.intent.RECEIVE
ADDED from AndroidManifest.xml:23:17
	android:name
		ADDED from AndroidManifest.xml:23:25
action#com.google.android.c2dm.intent.REGISTRATION
ADDED from AndroidManifest.xml:24:17
	android:name
		ADDED from AndroidManifest.xml:24:25
category#com.reflux.HandCrowd
ADDED from AndroidManifest.xml:25:17
	android:name
		ADDED from AndroidManifest.xml:25:27
service#com.plugin.gcm.GCMIntentService
ADDED from AndroidManifest.xml:28:9
	android:name
		ADDED from AndroidManifest.xml:28:18
uses-sdk
ADDED from AndroidManifest.xml:30:5
MERGED from me.leolin:ShortcutBadger:1.1.4:7:5
MERGED from android:CordovaLib:unspecified:release:25:5
	android:targetSdkVersion
		ADDED from AndroidManifest.xml:30:42
	android:minSdkVersion
		ADDED from AndroidManifest.xml:30:15
uses-permission#android.permission.GET_ACCOUNTS
ADDED from AndroidManifest.xml:31:5
	android:name
		ADDED from AndroidManifest.xml:31:22
uses-permission#android.permission.WAKE_LOCK
ADDED from AndroidManifest.xml:32:5
	android:name
		ADDED from AndroidManifest.xml:32:22
uses-permission#android.permission.VIBRATE
ADDED from AndroidManifest.xml:33:5
	android:name
		ADDED from AndroidManifest.xml:33:22
uses-permission#com.google.android.c2dm.permission.RECEIVE
ADDED from AndroidManifest.xml:34:5
	android:name
		ADDED from AndroidManifest.xml:34:22
permission#com.reflux.HandCrowd.permission.C2D_MESSAGE
ADDED from AndroidManifest.xml:35:5
	android:protectionLevel
		ADDED from AndroidManifest.xml:35:76
	android:name
		ADDED from AndroidManifest.xml:35:17
uses-permission#com.reflux.HandCrowd.permission.C2D_MESSAGE
ADDED from AndroidManifest.xml:36:5
	android:name
		ADDED from AndroidManifest.xml:36:22
uses-permission#android.permission.CAMERA
ADDED from AndroidManifest.xml:38:5
	android:name
		ADDED from AndroidManifest.xml:38:22
uses-feature#android.hardware.camera
ADDED from AndroidManifest.xml:39:5
	android:name
		ADDED from AndroidManifest.xml:39:19
uses-feature#android.hardware.camera.autofocus
ADDED from AndroidManifest.xml:40:5
	android:name
		ADDED from AndroidManifest.xml:40:19
uses-permission#android.permission.RECORD_AUDIO
ADDED from AndroidManifest.xml:41:5
	android:name
		ADDED from AndroidManifest.xml:41:22
uses-permission#android.permission.RECORD_VIDEO
ADDED from AndroidManifest.xml:42:5
	android:name
		ADDED from AndroidManifest.xml:42:22
uses-permission#android.permission.WRITE_EXTERNAL_STORAGE
ADDED from AndroidManifest.xml:43:5
	android:name
		ADDED from AndroidManifest.xml:43:22
uses-permission#com.sec.android.provider.badge.permission.READ
ADDED from me.leolin:ShortcutBadger:1.1.4:19:5
	android:name
		ADDED from me.leolin:ShortcutBadger:1.1.4:19:22
uses-permission#com.sec.android.provider.badge.permission.WRITE
ADDED from me.leolin:ShortcutBadger:1.1.4:20:5
	android:name
		ADDED from me.leolin:ShortcutBadger:1.1.4:20:22
uses-permission#com.htc.launcher.permission.READ_SETTINGS
ADDED from me.leolin:ShortcutBadger:1.1.4:23:5
	android:name
		ADDED from me.leolin:ShortcutBadger:1.1.4:23:22
uses-permission#com.htc.launcher.permission.UPDATE_SHORTCUT
ADDED from me.leolin:ShortcutBadger:1.1.4:24:5
	android:name
		ADDED from me.leolin:ShortcutBadger:1.1.4:24:22
uses-permission#com.sonyericsson.home.permission.BROADCAST_BADGE
ADDED from me.leolin:ShortcutBadger:1.1.4:27:5
	android:name
		ADDED from me.leolin:ShortcutBadger:1.1.4:27:22
uses-permission#com.anddoes.launcher.permission.UPDATE_COUNT
ADDED from me.leolin:ShortcutBadger:1.1.4:30:5
	android:name
		ADDED from me.leolin:ShortcutBadger:1.1.4:30:22
uses-permission#com.majeur.launcher.permission.UPDATE_BADGE
ADDED from me.leolin:ShortcutBadger:1.1.4:33:5
	android:name
		ADDED from me.leolin:ShortcutBadger:1.1.4:33:22